Copyright 1986-2019 Xilinx, Inc. All Rights Reserved.
----------------------------------------------------------------------------------------------------------------------------------------------------------------------------
| Tool Version     : Vivado v.2019.1 (win64) Build 2552052 Fri May 24 14:49:42 MDT 2019
| Date             : Tue Apr 25 13:32:19 2023
| Host             : DESKTOP-U6ENOLQ running 64-bit major release  (build 9200)
| Command          : report_power -file system_top_wrapper_power_routed.rpt -pb system_top_wrapper_power_summary_routed.pb -rpx system_top_wrapper_power_routed.rpx
| Design           : system_top_wrapper
| Device           : xc7z020clg484-1
| Design State     : routed
| Grade            : commercial
| Process          : typical
| Characterization : Production
----------------------------------------------------------------------------------------------------------------------------------------------------------------------------

Power Report

Table of Contents
-----------------
1. Summary
1.1 On-Chip Components
1.2 Power Supply Summary
1.3 Confidence Level
2. Settings
2.1 Environment
2.2 Clock Constraints
3. Detailed Reports
3.1 By Hierarchy

1. Summary
----------

+--------------------------+--------------+
| Total On-Chip Power (W)  | 1.933        |
| Design Power Budget (W)  | Unspecified* |
| Power Budget Margin (W)  | NA           |
| Dynamic (W)              | 1.786        |
| Device Static (W)        | 0.147        |
| Effective TJA (C/W)      | 11.5         |
| Max Ambient (C)          | 62.7         |
| Junction Temperature (C) | 47.3         |
| Confidence Level         | Medium       |
| Setting File             | ---          |
| Simulation Activity File | ---          |
| Design Nets Matched      | NA           |
+--------------------------+--------------+
* Specify Design Power Budget using, set_operating_conditions -design_power_budget <value in Watts>


1.1 On-Chip Components
----------------------

+--------------------------+-----------+----------+-----------+-----------------+
| On-Chip                  | Power (W) | Used     | Available | Utilization (%) |
+--------------------------+-----------+----------+-----------+-----------------+
| Clocks                   |     0.025 |        6 |       --- |             --- |
| Slice Logic              |     0.011 |    67903 |       --- |             --- |
|   LUT as Logic           |     0.009 |    21749 |     53200 |           40.88 |
|   CARRY4                 |     0.001 |     5412 |     13300 |           40.69 |
|   Register               |    <0.001 |    29601 |    106400 |           27.82 |
|   LUT as Distributed RAM |    <0.001 |      124 |     17400 |            0.71 |
|   LUT as Shift Register  |    <0.001 |     1091 |     17400 |            6.27 |
|   Others                 |     0.000 |     1452 |       --- |             --- |
| Signals                  |     0.019 |    54989 |       --- |             --- |
| MMCM                     |     0.106 |        1 |         4 |           25.00 |
| DSPs                     |     0.060 |      220 |       220 |          100.00 |
| PS7                      |     1.565 |        1 |       --- |             --- |
| Static Power             |     0.147 |          |           |                 |
| Total                    |     1.933 |          |           |                 |
+--------------------------+-----------+----------+-----------+-----------------+


1.2 Power Supply Summary
------------------------

+-----------+-------------+-----------+-------------+------------+
| Source    | Voltage (V) | Total (A) | Dynamic (A) | Static (A) |
+-----------+-------------+-----------+-------------+------------+
| Vccint    |       1.000 |     0.133 |       0.116 |      0.017 |
| Vccaux    |       1.800 |     0.075 |       0.059 |      0.016 |
| Vcco33    |       3.300 |     0.000 |       0.000 |      0.000 |
| Vcco25    |       2.500 |     0.000 |       0.000 |      0.000 |
| Vcco18    |       1.800 |     0.000 |       0.000 |      0.000 |
| Vcco15    |       1.500 |     0.000 |       0.000 |      0.000 |
| Vcco135   |       1.350 |     0.000 |       0.000 |      0.000 |
| Vcco12    |       1.200 |     0.000 |       0.000 |      0.000 |
| Vccaux_io |       1.800 |     0.000 |       0.000 |      0.000 |
| Vccbram   |       1.000 |     0.001 |       0.000 |      0.001 |
| MGTAVcc   |       1.000 |     0.000 |       0.000 |      0.000 |
| MGTAVtt   |       1.200 |     0.000 |       0.000 |      0.000 |
| MGTVccaux |       1.800 |     0.000 |       0.000 |      0.000 |
| Vccpint   |       1.000 |     0.751 |       0.718 |      0.033 |
| Vccpaux   |       1.800 |     0.084 |       0.074 |      0.010 |
| Vccpll    |       1.800 |     0.017 |       0.014 |      0.003 |
| Vcco_ddr  |       1.500 |     0.459 |       0.457 |      0.002 |
| Vcco_mio0 |       1.800 |     0.003 |       0.002 |      0.001 |
| Vcco_mio1 |       1.800 |     0.002 |       0.001 |      0.001 |
| Vccadc    |       1.800 |     0.020 |       0.000 |      0.020 |
+-----------+-------------+-----------+-------------+------------+


1.3 Confidence Level
--------------------

+-----------------------------+------------+------------------------------------------------+------------------------------------------------------------------------------------------------------------+
| User Input Data             | Confidence | Details                                        | Action                                                                                                     |
+-----------------------------+------------+------------------------------------------------+------------------------------------------------------------------------------------------------------------+
| Design implementation state | High       | Design is routed                               |                                                                                                            |
| Clock nodes activity        | High       | User specified more than 95% of clocks         |                                                                                                            |
| I/O nodes activity          | High       | User specified more than 95% of inputs         |                                                                                                            |
| Internal nodes activity     | Medium     | User specified less than 25% of internal nodes | Provide missing internal nodes activity with simulation results or by editing the "By Resource Type" views |
| Device models               | High       | Device models are Production                   |                                                                                                            |
|                             |            |                                                |                                                                                                            |
| Overall confidence level    | Medium     |                                                |                                                                                                            |
+-----------------------------+------------+------------------------------------------------+------------------------------------------------------------------------------------------------------------+


2. Settings
-----------

2.1 Environment
---------------

+-----------------------+------------------------+
| Ambient Temp (C)      | 25.0                   |
| ThetaJA (C/W)         | 11.5                   |
| Airflow (LFM)         | 250                    |
| Heat Sink             | none                   |
| ThetaSA (C/W)         | 0.0                    |
| Board Selection       | medium (10"x10")       |
| # of Board Layers     | 8to11 (8 to 11 Layers) |
| Board Temperature (C) | 25.0                   |
+-----------------------+------------------------+


2.2 Clock Constraints
---------------------

+-----------------------------------+-----------------------------------------------------------------+-----------------+
| Clock                             | Domain                                                          | Constraint (ns) |
+-----------------------------------+-----------------------------------------------------------------+-----------------+
| clk_fpga_0                        | system_top_i/sys_cpu/inst/FCLK_CLK_unbuffered[0]                |            10.0 |
| clk_out1_system_top_core_clkwiz_0 | system_top_i/core_clkwiz/inst/clk_out1_system_top_core_clkwiz_0 |            20.0 |
| clkfbout_system_top_core_clkwiz_0 | system_top_i/core_clkwiz/inst/clkfbout_system_top_core_clkwiz_0 |            10.0 |
+-----------------------------------+-----------------------------------------------------------------+-----------------+


3. Detailed Reports
-------------------

3.1 By Hierarchy
----------------

+--------------------------+-----------+
| Name                     | Power (W) |
+--------------------------+-----------+
| system_top_wrapper       |     1.786 |
|   system_top_i           |     1.786 |
|     Subsystem_ip_0       |     0.106 |
|       U0                 |     0.106 |
|     axi_cpu_interconnect |     0.008 |
|       s00_couplers       |     0.008 |
|     core_clkwiz          |     0.106 |
|       inst               |     0.106 |
|     sys_cpu              |     1.565 |
|       inst               |     1.565 |
+--------------------------+-----------+


